<?xml version="1.0" encoding="utf-8"?><testsuites name="pytest tests"><testsuite name="pytest" errors="0" failures="0" skipped="0" tests="20" time="17.322" timestamp="2026-07-29T15:22:46.102330+00:00" hostname="agent-env-2d615718-7539-4335-80d2-26d7c8303452"><testcase classname="backend.tests.backend_test" name="test_health" time="0.294" /><testcase classname="backend.tests.backend_test.TestAuth" name="test_register_duplicate_email" time="0.682" /><testcase classname="backend.tests.backend_test.TestAuth" name="test_login_success" time="0.340" /><testcase classname="backend.tests.backend_test.TestAuth" name="test_login_invalid" time="0.462" /><testcase classname="backend.tests.backend_test.TestAuth" name="test_me" time="0.119" /><testcase classname="backend.tests.backend_test.TestAuth" name="test_me_no_token" time="0.231" /><testcase classname="backend.tests.backend_test" name="test_exercises_public" time="0.240" /><testcase classname="backend.tests.backend_test.TestTemplates" name="test_create_and_list_delete" time="0.689" /><testcase classname="backend.tests.backend_test.TestTemplates" name="test_templates_unauth" time="0.211" /><testcase classname="backend.tests.backend_test.TestSessions" name="test_create_full_session_with_pr" time="0.784" /><testcase classname="backend.tests.backend_test.TestSessions" name="test_quick_log" time="0.237" /><testcase classname="backend.tests.backend_test.TestSessions" name="test_sessions_unauth" time="0.106" /><testcase classname="backend.tests.backend_test" name="test_personal_records" time="0.118" /><testcase classname="backend.tests.backend_test" name="test_prs_unauth" time="0.115" /><testcase classname="backend.tests.backend_test.TestLoginRateLimit" name="test_lockout_after_5_failures" time="2.315" /><testcase classname="backend.tests.backend_test.TestLoginRateLimit" name="test_success_before_5_resets_counter" time="4.008" /><testcase classname="backend.tests.backend_test.TestLoginRateLimit" name="test_other_email_not_affected_by_lockout" time="3.028" /><testcase classname="backend.tests.backend_test.TestPrDetection" name="test_one_pr_per_exercise_heaviest_set" time="0.367" /><testcase classname="backend.tests.backend_test.TestUserIsolation" name="test_user_cannot_access_other_users_session_or_template" time="2.311" /><testcase classname="backend.tests.backend_test" name="test_cookie_auth_no_longer_accepted" time="0.480" /></testsuite></testsuites>