<?xml version="1.0" encoding="utf-8"?><testsuites name="pytest tests"><testsuite name="pytest" errors="0" failures="0" skipped="0" tests="14" time="5.090" timestamp="2026-07-28T16:06:15.025759+00:00" hostname="agent-env-2d615718-7539-4335-80d2-26d7c8303452"><testcase classname="backend.tests.backend_test" name="test_health" time="0.403" /><testcase classname="backend.tests.backend_test.TestAuth" name="test_register_duplicate_email" time="0.523" /><testcase classname="backend.tests.backend_test.TestAuth" name="test_login_success" time="0.381" /><testcase classname="backend.tests.backend_test.TestAuth" name="test_login_invalid" time="0.433" /><testcase classname="backend.tests.backend_test.TestAuth" name="test_me" time="0.126" /><testcase classname="backend.tests.backend_test.TestAuth" name="test_me_no_token" time="0.187" /><testcase classname="backend.tests.backend_test" name="test_exercises_public" time="0.208" /><testcase classname="backend.tests.backend_test.TestTemplates" name="test_create_and_list_delete" time="0.653" /><testcase classname="backend.tests.backend_test.TestTemplates" name="test_templates_unauth" time="0.154" /><testcase classname="backend.tests.backend_test.TestSessions" name="test_create_full_session_with_pr" time="1.117" /><testcase classname="backend.tests.backend_test.TestSessions" name="test_quick_log" time="0.287" /><testcase classname="backend.tests.backend_test.TestSessions" name="test_sessions_unauth" time="0.133" /><testcase classname="backend.tests.backend_test" name="test_personal_records" time="0.187" /><testcase classname="backend.tests.backend_test" name="test_prs_unauth" time="0.141" /></testsuite></testsuites>